C:\Program Files (x86)\Microsoft Visual Studio\2019\Community\MSBuild\Microsoft\VC\v160\Microsoft.Cpp.MSVC.Toolset.Common.props(21,5): warning MSB4211: The property "IntDir" is being set to a value for the first time, but it was already consumed at "C:\Program Files (x86)\Microsoft Visual Studio\2019\Community\MSBuild\Microsoft\VC\v160\Platforms\x64\ImportBefore\Default\Intel.Cpp.x64.default.props (94,5)".
C:\Program Files (x86)\Microsoft Visual Studio\2019\Community\MSBuild\Microsoft\VC\v160\Microsoft.CppCommon.targets(37,5): warning MSB4211: The property "IntermediateOutputPath" is being set to a value for the first time, but it was already consumed at "C:\Program Files (x86)\Microsoft Visual Studio\2019\Community\MSBuild\Microsoft\VC\v160\Microsoft.CppCommon.targets (36,5)".
C:\Program Files (x86)\Microsoft Visual Studio\2019\Community\MSBuild\Current\Bin\Microsoft.Common.CurrentVersion.targets(340,5): warning MSB4211: The property "CleanFile" is being set to a value for the first time, but it was already consumed at "C:\Program Files (x86)\Microsoft Visual Studio\2019\Community\MSBuild\Microsoft\VC\v160\Microsoft.CppCommon.targets (36,5)".
C:\Program Files (x86)\Microsoft Visual Studio\2019\Community\MSBuild\Microsoft\VC\v160\Microsoft.Cpp.MSVC.Toolset.Common.props(21,5): warning MSB4211: The property "IntDir" is being set to a value for the first time, but it was already consumed at "C:\Program Files (x86)\Microsoft Visual Studio\2019\Community\MSBuild\Microsoft\VC\v160\Platforms\x64\ImportBefore\Default\Intel.Cpp.x64.default.props (94,5)".
C:\Program Files (x86)\Microsoft Visual Studio\2019\Community\MSBuild\Microsoft\VC\v160\Microsoft.CppCommon.targets(37,5): warning MSB4211: The property "IntermediateOutputPath" is being set to a value for the first time, but it was already consumed at "C:\Program Files (x86)\Microsoft Visual Studio\2019\Community\MSBuild\Microsoft\VC\v160\Microsoft.CppCommon.targets (36,5)".
C:\Program Files (x86)\Microsoft Visual Studio\2019\Community\MSBuild\Current\Bin\Microsoft.Common.CurrentVersion.targets(340,5): warning MSB4211: The property "CleanFile" is being set to a value for the first time, but it was already consumed at "C:\Program Files (x86)\Microsoft Visual Studio\2019\Community\MSBuild\Microsoft\VC\v160\Microsoft.CppCommon.targets (36,5)".
C:\Program Files (x86)\Microsoft Visual Studio\2019\Community\MSBuild\Microsoft\VC\v160\Microsoft.Cpp.MSVC.Toolset.Common.props(21,5): warning MSB4211: The property "IntDir" is being set to a value for the first time, but it was already consumed at "C:\Program Files (x86)\Microsoft Visual Studio\2019\Community\MSBuild\Microsoft\VC\v160\Platforms\x64\ImportBefore\Default\Intel.Cpp.x64.default.props (94,5)".
C:\Program Files (x86)\Microsoft Visual Studio\2019\Community\MSBuild\Microsoft\VC\v160\Microsoft.CppCommon.targets(37,5): warning MSB4211: The property "IntermediateOutputPath" is being set to a value for the first time, but it was already consumed at "C:\Program Files (x86)\Microsoft Visual Studio\2019\Community\MSBuild\Microsoft\VC\v160\Microsoft.CppCommon.targets (36,5)".
C:\Program Files (x86)\Microsoft Visual Studio\2019\Community\MSBuild\Current\Bin\Microsoft.Common.CurrentVersion.targets(340,5): warning MSB4211: The property "CleanFile" is being set to a value for the first time, but it was already consumed at "C:\Program Files (x86)\Microsoft Visual Studio\2019\Community\MSBuild\Microsoft\VC\v160\Microsoft.CppCommon.targets (36,5)".
C:\Program Files (x86)\Microsoft Visual Studio\2019\Community\MSBuild\Microsoft\VC\v160\Microsoft.Cpp.MSVC.Toolset.Common.props(21,5): warning MSB4211: The property "IntDir" is being set to a value for the first time, but it was already consumed at "C:\Program Files (x86)\Microsoft Visual Studio\2019\Community\MSBuild\Microsoft\VC\v160\Platforms\x64\ImportBefore\Default\Intel.Cpp.x64.default.props (94,5)".
C:\Program Files (x86)\Microsoft Visual Studio\2019\Community\MSBuild\Microsoft\VC\v160\Microsoft.CppCommon.targets(37,5): warning MSB4211: The property "IntermediateOutputPath" is being set to a value for the first time, but it was already consumed at "C:\Program Files (x86)\Microsoft Visual Studio\2019\Community\MSBuild\Microsoft\VC\v160\Microsoft.CppCommon.targets (36,5)".
C:\Program Files (x86)\Microsoft Visual Studio\2019\Community\MSBuild\Current\Bin\Microsoft.Common.CurrentVersion.targets(340,5): warning MSB4211: The property "CleanFile" is being set to a value for the first time, but it was already consumed at "C:\Program Files (x86)\Microsoft Visual Studio\2019\Community\MSBuild\Microsoft\VC\v160\Microsoft.CppCommon.targets (36,5)".
C:\Program Files (x86)\Microsoft Visual Studio\2019\Community\MSBuild\Microsoft\VC\v160\Microsoft.Cpp.MSVC.Toolset.Common.props(21,5): warning MSB4211: The property "IntDir" is being set to a value for the first time, but it was already consumed at "C:\Program Files (x86)\Microsoft Visual Studio\2019\Community\MSBuild\Microsoft\VC\v160\Platforms\x64\ImportBefore\Default\Intel.Cpp.x64.default.props (94,5)".
C:\Program Files (x86)\Microsoft Visual Studio\2019\Community\MSBuild\Microsoft\VC\v160\Microsoft.CppCommon.targets(37,5): warning MSB4211: The property "IntermediateOutputPath" is being set to a value for the first time, but it was already consumed at "C:\Program Files (x86)\Microsoft Visual Studio\2019\Community\MSBuild\Microsoft\VC\v160\Microsoft.CppCommon.targets (36,5)".
C:\Program Files (x86)\Microsoft Visual Studio\2019\Community\MSBuild\Current\Bin\Microsoft.Common.CurrentVersion.targets(340,5): warning MSB4211: The property "CleanFile" is being set to a value for the first time, but it was already consumed at "C:\Program Files (x86)\Microsoft Visual Studio\2019\Community\MSBuild\Microsoft\VC\v160\Microsoft.CppCommon.targets (36,5)".
C:\Program Files (x86)\Microsoft Visual Studio\2019\Community\MSBuild\Microsoft\VC\v160\Microsoft.Cpp.MSVC.Toolset.Common.props(21,5): warning MSB4211: The property "IntDir" is being set to a value for the first time, but it was already consumed at "C:\Program Files (x86)\Microsoft Visual Studio\2019\Community\MSBuild\Microsoft\VC\v160\Platforms\x64\ImportBefore\Default\Intel.Cpp.x64.default.props (94,5)".
C:\Program Files (x86)\Microsoft Visual Studio\2019\Community\MSBuild\Microsoft\VC\v160\Microsoft.CppCommon.targets(37,5): warning MSB4211: The property "IntermediateOutputPath" is being set to a value for the first time, but it was already consumed at "C:\Program Files (x86)\Microsoft Visual Studio\2019\Community\MSBuild\Microsoft\VC\v160\Microsoft.CppCommon.targets (36,5)".
C:\Program Files (x86)\Microsoft Visual Studio\2019\Community\MSBuild\Current\Bin\Microsoft.Common.CurrentVersion.targets(340,5): warning MSB4211: The property "CleanFile" is being set to a value for the first time, but it was already consumed at "C:\Program Files (x86)\Microsoft Visual Studio\2019\Community\MSBuild\Microsoft\VC\v160\Microsoft.CppCommon.targets (36,5)".
C:\Program Files (x86)\Microsoft Visual Studio\2019\Community\MSBuild\Microsoft\VC\v160\Microsoft.Cpp.MSVC.Toolset.Common.props(21,5): warning MSB4211: The property "IntDir" is being set to a value for the first time, but it was already consumed at "C:\Program Files (x86)\Microsoft Visual Studio\2019\Community\MSBuild\Microsoft\VC\v160\Platforms\x64\ImportBefore\Default\Intel.Cpp.x64.default.props (94,5)".
C:\Program Files (x86)\Microsoft Visual Studio\2019\Community\MSBuild\Microsoft\VC\v160\Microsoft.CppCommon.targets(37,5): warning MSB4211: The property "IntermediateOutputPath" is being set to a value for the first time, but it was already consumed at "C:\Program Files (x86)\Microsoft Visual Studio\2019\Community\MSBuild\Microsoft\VC\v160\Microsoft.CppCommon.targets (36,5)".
C:\Program Files (x86)\Microsoft Visual Studio\2019\Community\MSBuild\Current\Bin\Microsoft.Common.CurrentVersion.targets(340,5): warning MSB4211: The property "CleanFile" is being set to a value for the first time, but it was already consumed at "C:\Program Files (x86)\Microsoft Visual Studio\2019\Community\MSBuild\Microsoft\VC\v160\Microsoft.CppCommon.targets (36,5)".
C:\Program Files (x86)\Microsoft Visual Studio\2019\Community\MSBuild\Microsoft\VC\v160\Microsoft.Cpp.MSVC.Toolset.Common.props(21,5): warning MSB4211: The property "IntDir" is being set to a value for the first time, but it was already consumed at "C:\Program Files (x86)\Microsoft Visual Studio\2019\Community\MSBuild\Microsoft\VC\v160\Platforms\x64\ImportBefore\Default\Intel.Cpp.x64.default.props (94,5)".
C:\Program Files (x86)\Microsoft Visual Studio\2019\Community\MSBuild\Microsoft\VC\v160\Microsoft.Cpp.MSVC.Toolset.Common.props(21,5): warning MSB4211: The property "IntDir" is being set to a value for the first time, but it was already consumed at "C:\Program Files (x86)\Microsoft Visual Studio\2019\Community\MSBuild\Microsoft\VC\v160\Platforms\x64\ImportBefore\Default\Intel.Cpp.x64.default.props (94,5)".
C:\Program Files (x86)\Microsoft Visual Studio\2019\Community\MSBuild\Microsoft\VC\v160\Microsoft.CppCommon.targets(37,5): warning MSB4211: The property "IntermediateOutputPath" is being set to a value for the first time, but it was already consumed at "C:\Program Files (x86)\Microsoft Visual Studio\2019\Community\MSBuild\Microsoft\VC\v160\Microsoft.CppCommon.targets (36,5)".
C:\Program Files (x86)\Microsoft Visual Studio\2019\Community\MSBuild\Current\Bin\Microsoft.Common.CurrentVersion.targets(340,5): warning MSB4211: The property "CleanFile" is being set to a value for the first time, but it was already consumed at "C:\Program Files (x86)\Microsoft Visual Studio\2019\Community\MSBuild\Microsoft\VC\v160\Microsoft.CppCommon.targets (36,5)".
C:\Program Files (x86)\Microsoft Visual Studio\2019\Community\MSBuild\Microsoft\VC\v160\Microsoft.CppCommon.targets(37,5): warning MSB4211: The property "IntermediateOutputPath" is being set to a value for the first time, but it was already consumed at "C:\Program Files (x86)\Microsoft Visual Studio\2019\Community\MSBuild\Microsoft\VC\v160\Microsoft.CppCommon.targets (36,5)".
C:\Program Files (x86)\Microsoft Visual Studio\2019\Community\MSBuild\Current\Bin\Microsoft.Common.CurrentVersion.targets(340,5): warning MSB4211: The property "CleanFile" is being set to a value for the first time, but it was already consumed at "C:\Program Files (x86)\Microsoft Visual Studio\2019\Community\MSBuild\Microsoft\VC\v160\Microsoft.CppCommon.targets (36,5)".
C:\Program Files (x86)\Microsoft Visual Studio\2019\Community\MSBuild\Microsoft\VC\v160\Microsoft.Cpp.MSVC.Toolset.Common.props(21,5): warning MSB4211: The property "IntDir" is being set to a value for the first time, but it was already consumed at "C:\Program Files (x86)\Microsoft Visual Studio\2019\Community\MSBuild\Microsoft\VC\v160\Platforms\x64\ImportBefore\Default\Intel.Cpp.x64.default.props (94,5)".
C:\Program Files (x86)\Microsoft Visual Studio\2019\Community\MSBuild\Microsoft\VC\v160\Microsoft.Cpp.MSVC.Toolset.Common.props(21,5): warning MSB4211: The property "IntDir" is being set to a value for the first time, but it was already consumed at "C:\Program Files (x86)\Microsoft Visual Studio\2019\Community\MSBuild\Microsoft\VC\v160\Platforms\x64\ImportBefore\Default\Intel.Cpp.x64.default.props (94,5)".
C:\Program Files (x86)\Microsoft Visual Studio\2019\Community\MSBuild\Microsoft\VC\v160\Microsoft.Cpp.MSVC.Toolset.Common.props(21,5): warning MSB4211: The property "IntDir" is being set to a value for the first time, but it was already consumed at "C:\Program Files (x86)\Microsoft Visual Studio\2019\Community\MSBuild\Microsoft\VC\v160\Platforms\x64\ImportBefore\Default\Intel.Cpp.x64.default.props (94,5)".
C:\Program Files (x86)\Microsoft Visual Studio\2019\Community\MSBuild\Microsoft\VC\v160\Microsoft.CppCommon.targets(37,5): warning MSB4211: The property "IntermediateOutputPath" is being set to a value for the first time, but it was already consumed at "C:\Program Files (x86)\Microsoft Visual Studio\2019\Community\MSBuild\Microsoft\VC\v160\Microsoft.CppCommon.targets (36,5)".
C:\Program Files (x86)\Microsoft Visual Studio\2019\Community\MSBuild\Current\Bin\Microsoft.Common.CurrentVersion.targets(340,5): warning MSB4211: The property "CleanFile" is being set to a value for the first time, but it was already consumed at "C:\Program Files (x86)\Microsoft Visual Studio\2019\Community\MSBuild\Microsoft\VC\v160\Microsoft.CppCommon.targets (36,5)".
C:\Program Files (x86)\Microsoft Visual Studio\2019\Community\MSBuild\Microsoft\VC\v160\Microsoft.CppCommon.targets(37,5): warning MSB4211: The property "IntermediateOutputPath" is being set to a value for the first time, but it was already consumed at "C:\Program Files (x86)\Microsoft Visual Studio\2019\Community\MSBuild\Microsoft\VC\v160\Microsoft.CppCommon.targets (36,5)".
C:\Program Files (x86)\Microsoft Visual Studio\2019\Community\MSBuild\Current\Bin\Microsoft.Common.CurrentVersion.targets(340,5): warning MSB4211: The property "CleanFile" is being set to a value for the first time, but it was already consumed at "C:\Program Files (x86)\Microsoft Visual Studio\2019\Community\MSBuild\Microsoft\VC\v160\Microsoft.CppCommon.targets (36,5)".
C:\Program Files (x86)\Microsoft Visual Studio\2019\Community\MSBuild\Microsoft\VC\v160\Microsoft.CppCommon.targets(37,5): warning MSB4211: The property "IntermediateOutputPath" is being set to a value for the first time, but it was already consumed at "C:\Program Files (x86)\Microsoft Visual Studio\2019\Community\MSBuild\Microsoft\VC\v160\Microsoft.CppCommon.targets (36,5)".
C:\Program Files (x86)\Microsoft Visual Studio\2019\Community\MSBuild\Microsoft\VC\v160\Microsoft.Cpp.MSVC.Toolset.Common.props(21,5): warning MSB4211: The property "IntDir" is being set to a value for the first time, but it was already consumed at "C:\Program Files (x86)\Microsoft Visual Studio\2019\Community\MSBuild\Microsoft\VC\v160\Platforms\x64\ImportBefore\Default\Intel.Cpp.x64.default.props (94,5)".
C:\Program Files (x86)\Microsoft Visual Studio\2019\Community\MSBuild\Microsoft\VC\v160\Microsoft.CppCommon.targets(37,5): warning MSB4211: The property "IntermediateOutputPath" is being set to a value for the first time, but it was already consumed at "C:\Program Files (x86)\Microsoft Visual Studio\2019\Community\MSBuild\Microsoft\VC\v160\Microsoft.CppCommon.targets (36,5)".
C:\Program Files (x86)\Microsoft Visual Studio\2019\Community\MSBuild\Microsoft\VC\v160\Microsoft.Cpp.MSVC.Toolset.Common.props(21,5): warning MSB4211: The property "IntDir" is being set to a value for the first time, but it was already consumed at "C:\Program Files (x86)\Microsoft Visual Studio\2019\Community\MSBuild\Microsoft\VC\v160\Platforms\x64\ImportBefore\Default\Intel.Cpp.x64.default.props (94,5)".
C:\Program Files (x86)\Microsoft Visual Studio\2019\Community\MSBuild\Current\Bin\Microsoft.Common.CurrentVersion.targets(340,5): warning MSB4211: The property "CleanFile" is being set to a value for the first time, but it was already consumed at "C:\Program Files (x86)\Microsoft Visual Studio\2019\Community\MSBuild\Microsoft\VC\v160\Microsoft.CppCommon.targets (36,5)".
C:\Program Files (x86)\Microsoft Visual Studio\2019\Community\MSBuild\Microsoft\VC\v160\Microsoft.CppCommon.targets(37,5): warning MSB4211: The property "IntermediateOutputPath" is being set to a value for the first time, but it was already consumed at "C:\Program Files (x86)\Microsoft Visual Studio\2019\Community\MSBuild\Microsoft\VC\v160\Microsoft.CppCommon.targets (36,5)".
C:\Program Files (x86)\Microsoft Visual Studio\2019\Community\MSBuild\Current\Bin\Microsoft.Common.CurrentVersion.targets(340,5): warning MSB4211: The property "CleanFile" is being set to a value for the first time, but it was already consumed at "C:\Program Files (x86)\Microsoft Visual Studio\2019\Community\MSBuild\Microsoft\VC\v160\Microsoft.CppCommon.targets (36,5)".
C:\Program Files (x86)\Microsoft Visual Studio\2019\Community\MSBuild\Current\Bin\Microsoft.Common.CurrentVersion.targets(340,5): warning MSB4211: The property "CleanFile" is being set to a value for the first time, but it was already consumed at "C:\Program Files (x86)\Microsoft Visual Studio\2019\Community\MSBuild\Microsoft\VC\v160\Microsoft.CppCommon.targets (36,5)".
C:\Program Files (x86)\Microsoft Visual Studio\2019\Community\MSBuild\Microsoft\VC\v160\Microsoft.Cpp.MSVC.Toolset.Common.props(21,5): warning MSB4211: The property "IntDir" is being set to a value for the first time, but it was already consumed at "C:\Program Files (x86)\Microsoft Visual Studio\2019\Community\MSBuild\Microsoft\VC\v160\Platforms\x64\ImportBefore\Default\Intel.Cpp.x64.default.props (94,5)".
C:\Program Files (x86)\Microsoft Visual Studio\2019\Community\MSBuild\Microsoft\VC\v160\Microsoft.Cpp.MSVC.Toolset.Common.props(21,5): warning MSB4211: The property "IntDir" is being set to a value for the first time, but it was already consumed at "C:\Program Files (x86)\Microsoft Visual Studio\2019\Community\MSBuild\Microsoft\VC\v160\Platforms\x64\ImportBefore\Default\Intel.Cpp.x64.default.props (94,5)".
C:\Program Files (x86)\Microsoft Visual Studio\2019\Community\MSBuild\Microsoft\VC\v160\Microsoft.CppCommon.targets(37,5): warning MSB4211: The property "IntermediateOutputPath" is being set to a value for the first time, but it was already consumed at "C:\Program Files (x86)\Microsoft Visual Studio\2019\Community\MSBuild\Microsoft\VC\v160\Microsoft.CppCommon.targets (36,5)".
C:\Program Files (x86)\Microsoft Visual Studio\2019\Community\MSBuild\Current\Bin\Microsoft.Common.CurrentVersion.targets(340,5): warning MSB4211: The property "CleanFile" is being set to a value for the first time, but it was already consumed at "C:\Program Files (x86)\Microsoft Visual Studio\2019\Community\MSBuild\Microsoft\VC\v160\Microsoft.CppCommon.targets (36,5)".
C:\Program Files (x86)\Microsoft Visual Studio\2019\Community\MSBuild\Microsoft\VC\v160\Microsoft.CppCommon.targets(37,5): warning MSB4211: The property "IntermediateOutputPath" is being set to a value for the first time, but it was already consumed at "C:\Program Files (x86)\Microsoft Visual Studio\2019\Community\MSBuild\Microsoft\VC\v160\Microsoft.CppCommon.targets (36,5)".
C:\Program Files (x86)\Microsoft Visual Studio\2019\Community\MSBuild\Current\Bin\Microsoft.Common.CurrentVersion.targets(340,5): warning MSB4211: The property "CleanFile" is being set to a value for the first time, but it was already consumed at "C:\Program Files (x86)\Microsoft Visual Studio\2019\Community\MSBuild\Microsoft\VC\v160\Microsoft.CppCommon.targets (36,5)".
C:\Program Files (x86)\Microsoft Visual Studio\2019\Community\MSBuild\Microsoft\VC\v160\Microsoft.Cpp.MSVC.Toolset.Common.props(21,5): warning MSB4211: The property "IntDir" is being set to a value for the first time, but it was already consumed at "C:\Program Files (x86)\Microsoft Visual Studio\2019\Community\MSBuild\Microsoft\VC\v160\Platforms\x64\ImportBefore\Default\Intel.Cpp.x64.default.props (94,5)".
C:\Program Files (x86)\Microsoft Visual Studio\2019\Community\MSBuild\Microsoft\VC\v160\Microsoft.CppCommon.targets(37,5): warning MSB4211: The property "IntermediateOutputPath" is being set to a value for the first time, but it was already consumed at "C:\Program Files (x86)\Microsoft Visual Studio\2019\Community\MSBuild\Microsoft\VC\v160\Microsoft.CppCommon.targets (36,5)".
C:\Program Files (x86)\Microsoft Visual Studio\2019\Community\MSBuild\Current\Bin\Microsoft.Common.CurrentVersion.targets(340,5): warning MSB4211: The property "CleanFile" is being set to a value for the first time, but it was already consumed at "C:\Program Files (x86)\Microsoft Visual Studio\2019\Community\MSBuild\Microsoft\VC\v160\Microsoft.CppCommon.targets (36,5)".
  mpiMain.cpp
C:\Program Files (x86)\Microsoft Visual Studio\2019\Community\MSBuild\Microsoft\VC\v160\Microsoft.CppBuild.targets(1341,5): warning MSB8012: TargetPath(C:\Users\codim\Documents\GitHub\OpenSees_CDM\Win64\x64\Debug\OpenSeesSP.exe) does not match the Linker's OutputFile property value (C:\Users\codim\Documents\GitHub\OpenSees_CDM\Win64\bin\OpenSeesSP.exe). This may cause your project to build incorrectly. To correct this, please make sure that $(OutDir), $(TargetName) and $(TargetExt) property values match the value specified in %(Link.OutputFile).
LINK : warning LNK4075: ignoring '/INCREMENTAL' due to '/FORCE' specification
tcl.lib(commands.obj) : warning LNK4006: "class ModelBuilder * theBuilder" (?theBuilder@@3PEAVModelBuilder@@EA) already defined in commands.obj; second definition ignored
tcl.lib(commands.obj) : warning LNK4006: "class MachineBroker * theMachineBroker" (?theMachineBroker@@3PEAVMachineBroker@@EA) already defined in commands.obj; second definition ignored
tcl.lib(commands.obj) : warning LNK4006: "class Channel * * theChannels" (?theChannels@@3PEAPEAVChannel@@EA) already defined in commands.obj; second definition ignored
tcl.lib(commands.obj) : warning LNK4006: "int numChannels" (?numChannels@@3HA) already defined in commands.obj; second definition ignored
tcl.lib(commands.obj) : warning LNK4006: "int OPS_rank" (?OPS_rank@@3HA) already defined in commands.obj; second definition ignored
tcl.lib(commands.obj) : warning LNK4006: "int OPS_np" (?OPS_np@@3HA) already defined in commands.obj; second definition ignored
tcl.lib(commands.obj) : warning LNK4006: "class AnalysisModel * theAnalysisModel" (?theAnalysisModel@@3PEAVAnalysisModel@@EA) already defined in commands.obj; second definition ignored
tcl.lib(commands.obj) : warning LNK4006: "class EquiSolnAlgo * theAlgorithm" (?theAlgorithm@@3PEAVEquiSolnAlgo@@EA) already defined in commands.obj; second definition ignored
tcl.lib(commands.obj) : warning LNK4006: "class ConstraintHandler * theHandler" (?theHandler@@3PEAVConstraintHandler@@EA) already defined in commands.obj; second definition ignored
tcl.lib(commands.obj) : warning LNK4006: "class DOF_Numberer * theNumberer" (?theNumberer@@3PEAVDOF_Numberer@@EA) already defined in commands.obj; second definition ignored
tcl.lib(commands.obj) : warning LNK4006: "class LinearSOE * theSOE" (?theSOE@@3PEAVLinearSOE@@EA) already defined in commands.obj; second definition ignored
tcl.lib(commands.obj) : warning LNK4006: "class EigenSOE * theEigenSOE" (?theEigenSOE@@3PEAVEigenSOE@@EA) already defined in commands.obj; second definition ignored
tcl.lib(commands.obj) : warning LNK4006: "class StaticAnalysis * theStaticAnalysis" (?theStaticAnalysis@@3PEAVStaticAnalysis@@EA) already defined in commands.obj; second definition ignored
tcl.lib(commands.obj) : warning LNK4006: "class DirectIntegrationAnalysis * theTransientAnalysis" (?theTransientAnalysis@@3PEAVDirectIntegrationAnalysis@@EA) already defined in commands.obj; second definition ignored
tcl.lib(commands.obj) : warning LNK4006: "class VariableTimeStepDirectIntegrationAnalysis * theVariableTimeStepTransientAnalysis" (?theVariableTimeStepTransientAnalysis@@3PEAVVariableTimeStepDirectIntegrationAnalysis@@EA) already defined in commands.obj; second definition ignored
tcl.lib(commands.obj) : warning LNK4006: "int numEigen" (?numEigen@@3HA) already defined in commands.obj; second definition ignored
tcl.lib(commands.obj) : warning LNK4006: "class Integrator * theSensitivityAlgorithm" (?theSensitivityAlgorithm@@3PEAVIntegrator@@EA) already defined in commands.obj; second definition ignored
tcl.lib(commands.obj) : warning LNK4006: "class Integrator * theSensitivityIntegrator" (?theSensitivityIntegrator@@3PEAVIntegrator@@EA) already defined in commands.obj; second definition ignored
tcl.lib(commands.obj) : warning LNK4006: "class StaticIntegrator * theStaticIntegrator" (?theStaticIntegrator@@3PEAVStaticIntegrator@@EA) already defined in commands.obj; second definition ignored
tcl.lib(commands.obj) : warning LNK4006: "class TransientIntegrator * theTransientIntegrator" (?theTransientIntegrator@@3PEAVTransientIntegrator@@EA) already defined in commands.obj; second definition ignored
tcl.lib(commands.obj) : warning LNK4006: "class ConvergenceTest * theTest" (?theTest@@3PEAVConvergenceTest@@EA) already defined in commands.obj; second definition ignored
tcl.lib(commands.obj) : warning LNK4006: "bool builtModel" (?builtModel@@3_NA) already defined in commands.obj; second definition ignored
tcl.lib(commands.obj) : warning LNK4006: "class SimulationInformation * theSimulationInfoPtr" (?theSimulationInfoPtr@@3PEAVSimulationInformation@@EA) already defined in commands.obj; second definition ignored
tcl.lib(commands.obj) : warning LNK4006: "char * simulationInfoOutputFilename" (?simulationInfoOutputFilename@@3PEADEA) already defined in commands.obj; second definition ignored
tcl.lib(commands.obj) : warning LNK4006: "class FE_Datastore * theDatabase" (?theDatabase@@3PEAVFE_Datastore@@EA) already defined in commands.obj; second definition ignored
tcl.lib(commands.obj) : warning LNK4006: "class TclVideoPlayer * theTclVideoPlayer" (?theTclVideoPlayer@@3PEAVTclVideoPlayer@@EA) already defined in commands.obj; second definition ignored
tcl.lib(commands.obj) : warning LNK4006: "class OPS_Stream * opserrPtr" (?opserrPtr@@3PEAVOPS_Stream@@EA) already defined in commands.obj; second definition ignored
tcl.lib(commands.obj) : warning LNK4006: "bool OPS_suppressOpenSeesOutput" (?OPS_suppressOpenSeesOutput@@3_NA) already defined in commands.obj; second definition ignored
tcl.lib(commands.obj) : warning LNK4006: "int __cdecl OPS_recorderValue(void *,struct Tcl_Interp *,int,char const * *)" (?OPS_recorderValue@@YAHPEAXPEAUTcl_Interp@@HPEAPEBD@Z) already defined in commands.obj; second definition ignored
tcl.lib(commands.obj) : warning LNK4006: "int __cdecl OpenSeesAppInit(struct Tcl_Interp *)" (?OpenSeesAppInit@@YAHPEAUTcl_Interp@@@Z) already defined in commands.obj; second definition ignored
tcl.lib(commands.obj) : warning LNK4006: "int __cdecl OPS_SetObjCmd(void *,struct Tcl_Interp *,int,struct Tcl_Obj * const *)" (?OPS_SetObjCmd@@YAHPEAXPEAUTcl_Interp@@HPEBQEAUTcl_Obj@@@Z) already defined in commands.obj; second definition ignored
tcl.lib(commands.obj) : warning LNK4006: "int __cdecl OPS_SourceCmd(void *,struct Tcl_Interp *,int,struct Tcl_Obj * const *)" (?OPS_SourceCmd@@YAHPEAXPEAUTcl_Interp@@HPEBQEAUTcl_Obj@@@Z) already defined in commands.obj; second definition ignored
tcl.lib(commands.obj) : warning LNK4006: "int __cdecl wipeModel(void *,struct Tcl_Interp *,int,char const * *)" (?wipeModel@@YAHPEAXPEAUTcl_Interp@@HPEAPEBD@Z) already defined in commands.obj; second definition ignored
tcl.lib(commands.obj) : warning LNK4006: "int __cdecl wipeAnalysis(void *,struct Tcl_Interp *,int,char const * *)" (?wipeAnalysis@@YAHPEAXPEAUTcl_Interp@@HPEAPEBD@Z) already defined in commands.obj; second definition ignored
tcl.lib(commands.obj) : warning LNK4006: "int __cdecl resetModel(void *,struct Tcl_Interp *,int,char const * *)" (?resetModel@@YAHPEAXPEAUTcl_Interp@@HPEAPEBD@Z) already defined in commands.obj; second definition ignored
tcl.lib(commands.obj) : warning LNK4006: "int __cdecl initializeAnalysis(void *,struct Tcl_Interp *,int,char const * *)" (?initializeAnalysis@@YAHPEAXPEAUTcl_Interp@@HPEAPEBD@Z) already defined in commands.obj; second definition ignored
tcl.lib(commands.obj) : warning LNK4006: "int __cdecl setLoadConst(void *,struct Tcl_Interp *,int,char const * *)" (?setLoadConst@@YAHPEAXPEAUTcl_Interp@@HPEAPEBD@Z) already defined in commands.obj; second definition ignored
tcl.lib(commands.obj) : warning LNK4006: "int __cdecl setCreep(void *,struct Tcl_Interp *,int,char const * *)" (?setCreep@@YAHPEAXPEAUTcl_Interp@@HPEAPEBD@Z) already defined in commands.obj; second definition ignored
tcl.lib(commands.obj) : warning LNK4006: "int __cdecl setTime(void *,struct Tcl_Interp *,int,char const * *)" (?setTime@@YAHPEAXPEAUTcl_Interp@@HPEAPEBD@Z) already defined in commands.obj; second definition ignored
tcl.lib(commands.obj) : warning LNK4006: "int __cdecl getTime(void *,struct Tcl_Interp *,int,char const * *)" (?getTime@@YAHPEAXPEAUTcl_Interp@@HPEAPEBD@Z) already defined in commands.obj; second definition ignored
tcl.lib(commands.obj) : warning LNK4006: "int __cdecl getLoadFactor(void *,struct Tcl_Interp *,int,char const * *)" (?getLoadFactor@@YAHPEAXPEAUTcl_Interp@@HPEAPEBD@Z) already defined in commands.obj; second definition ignored
tcl.lib(commands.obj) : warning LNK4006: "int __cdecl buildModel(void *,struct Tcl_Interp *,int,char const * *)" (?buildModel@@YAHPEAXPEAUTcl_Interp@@HPEAPEBD@Z) already defined in commands.obj; second definition ignored
tcl.lib(commands.obj) : warning LNK4006: "int __cdecl analyzeModel(void *,struct Tcl_Interp *,int,char const * *)" (?analyzeModel@@YAHPEAXPEAUTcl_Interp@@HPEAPEBD@Z) already defined in commands.obj; second definition ignored
tcl.lib(commands.obj) : warning LNK4006: "int __cdecl printModel(void *,struct Tcl_Interp *,int,char const * *)" (?printModel@@YAHPEAXPEAUTcl_Interp@@HPEAPEBD@Z) already defined in commands.obj; second definition ignored
tcl.lib(commands.obj) : warning LNK4006: "int __cdecl specifyAnalysis(void *,struct Tcl_Interp *,int,char const * *)" (?specifyAnalysis@@YAHPEAXPEAUTcl_Interp@@HPEAPEBD@Z) already defined in commands.obj; second definition ignored
tcl.lib(commands.obj) : warning LNK4006: "int __cdecl specifySOE(void *,struct Tcl_Interp *,int,char const * *)" (?specifySOE@@YAHPEAXPEAUTcl_Interp@@HPEAPEBD@Z) already defined in commands.obj; second definition ignored
tcl.lib(commands.obj) : warning LNK4006: "int __cdecl specifyNumberer(void *,struct Tcl_Interp *,int,char const * *)" (?specifyNumberer@@YAHPEAXPEAUTcl_Interp@@HPEAPEBD@Z) already defined in commands.obj; second definition ignored
tcl.lib(commands.obj) : warning LNK4006: "int __cdecl specifyConstraintHandler(void *,struct Tcl_Interp *,int,char const * *)" (?specifyConstraintHandler@@YAHPEAXPEAUTcl_Interp@@HPEAPEBD@Z) already defined in commands.obj; second definition ignored
tcl.lib(commands.obj) : warning LNK4006: "int __cdecl specifyAlgorithm(void *,struct Tcl_Interp *,int,char const * *)" (?specifyAlgorithm@@YAHPEAXPEAUTcl_Interp@@HPEAPEBD@Z) already defined in commands.obj; second definition ignored
tcl.lib(commands.obj) : warning LNK4006: "int __cdecl specifyCTest(void *,struct Tcl_Interp *,int,char const * *)" (?specifyCTest@@YAHPEAXPEAUTcl_Interp@@HPEAPEBD@Z) already defined in commands.obj; second definition ignored
tcl.lib(commands.obj) : warning LNK4006: "int __cdecl getCTestNorms(void *,struct Tcl_Interp *,int,char const * *)" (?getCTestNorms@@YAHPEAXPEAUTcl_Interp@@HPEAPEBD@Z) already defined in commands.obj; second definition ignored
tcl.lib(commands.obj) : warning LNK4006: "int __cdecl getCTestIter(void *,struct Tcl_Interp *,int,char const * *)" (?getCTestIter@@YAHPEAXPEAUTcl_Interp@@HPEAPEBD@Z) already defined in commands.obj; second definition ignored
tcl.lib(commands.obj) : warning LNK4006: "int __cdecl specifyIntegrator(void *,struct Tcl_Interp *,int,char const * *)" (?specifyIntegrator@@YAHPEAXPEAUTcl_Interp@@HPEAPEBD@Z) already defined in commands.obj; second definition ignored
tcl.lib(commands.obj) : warning LNK4006: "int __cdecl addRecorder(void *,struct Tcl_Interp *,int,char const * *)" (?addRecorder@@YAHPEAXPEAUTcl_Interp@@HPEAPEBD@Z) already defined in commands.obj; second definition ignored
tcl.lib(commands.obj) : warning LNK4006: "int __cdecl addAlgoRecorder(void *,struct Tcl_Interp *,int,char const * *)" (?addAlgoRecorder@@YAHPEAXPEAUTcl_Interp@@HPEAPEBD@Z) already defined in commands.obj; second definition ignored
tcl.lib(commands.obj) : warning LNK4006: "int __cdecl addDatabase(void *,struct Tcl_Interp *,int,char const * *)" (?addDatabase@@YAHPEAXPEAUTcl_Interp@@HPEAPEBD@Z) already defined in commands.obj; second definition ignored
tcl.lib(commands.obj) : warning LNK4006: "int __cdecl eigenAnalysis(void *,struct Tcl_Interp *,int,char const * *)" (?eigenAnalysis@@YAHPEAXPEAUTcl_Interp@@HPEAPEBD@Z) already defined in commands.obj; second definition ignored
tcl.lib(commands.obj) : warning LNK4006: "int __cdecl modalProperties(void *,struct Tcl_Interp *,int,char const * *)" (?modalProperties@@YAHPEAXPEAUTcl_Interp@@HPEAPEBD@Z) already defined in commands.obj; second definition ignored
tcl.lib(commands.obj) : warning LNK4006: "int __cdecl responseSpectrum(void *,struct Tcl_Interp *,int,char const * *)" (?responseSpectrum@@YAHPEAXPEAUTcl_Interp@@HPEAPEBD@Z) already defined in commands.obj; second definition ignored
tcl.lib(commands.obj) : warning LNK4006: "int __cdecl videoPlayer(void *,struct Tcl_Interp *,int,char const * *)" (?videoPlayer@@YAHPEAXPEAUTcl_Interp@@HPEAPEBD@Z) already defined in commands.obj; second definition ignored
tcl.lib(commands.obj) : warning LNK4006: "int __cdecl removeObject(void *,struct Tcl_Interp *,int,char const * *)" (?removeObject@@YAHPEAXPEAUTcl_Interp@@HPEAPEBD@Z) already defined in commands.obj; second definition ignored
tcl.lib(commands.obj) : warning LNK4006: "int __cdecl eleForce(void *,struct Tcl_Interp *,int,char const * *)" (?eleForce@@YAHPEAXPEAUTcl_Interp@@HPEAPEBD@Z) already defined in commands.obj; second definition ignored
tcl.lib(commands.obj) : warning LNK4006: "int __cdecl localForce(void *,struct Tcl_Interp *,int,char const * *)" (?localForce@@YAHPEAXPEAUTcl_Interp@@HPEAPEBD@Z) already defined in commands.obj; second definition ignored
tcl.lib(commands.obj) : warning LNK4006: "int __cdecl eleDynamicalForce(void *,struct Tcl_Interp *,int,char const * *)" (?eleDynamicalForce@@YAHPEAXPEAUTcl_Interp@@HPEAPEBD@Z) already defined in commands.obj; second definition ignored
tcl.lib(commands.obj) : warning LNK4006: "int __cdecl eleResponse(void *,struct Tcl_Interp *,int,char const * *)" (?eleResponse@@YAHPEAXPEAUTcl_Interp@@HPEAPEBD@Z) already defined in commands.obj; second definition ignored
tcl.lib(commands.obj) : warning LNK4006: "int __cdecl findID(void *,struct Tcl_Interp *,int,char const * *)" (?findID@@YAHPEAXPEAUTcl_Interp@@HPEAPEBD@Z) already defined in commands.obj; second definition ignored
tcl.lib(commands.obj) : warning LNK4006: "int __cdecl nodeDisp(void *,struct Tcl_Interp *,int,char const * *)" (?nodeDisp@@YAHPEAXPEAUTcl_Interp@@HPEAPEBD@Z) already defined in commands.obj; second definition ignored
tcl.lib(commands.obj) : warning LNK4006: "int __cdecl nodeReaction(void *,struct Tcl_Interp *,int,char const * *)" (?nodeReaction@@YAHPEAXPEAUTcl_Interp@@HPEAPEBD@Z) already defined in commands.obj; second definition ignored
tcl.lib(commands.obj) : warning LNK4006: "int __cdecl nodeUnbalance(void *,struct Tcl_Interp *,int,char const * *)" (?nodeUnbalance@@YAHPEAXPEAUTcl_Interp@@HPEAPEBD@Z) already defined in commands.obj; second definition ignored
tcl.lib(commands.obj) : warning LNK4006: "int __cdecl nodeEigenvector(void *,struct Tcl_Interp *,int,char const * *)" (?nodeEigenvector@@YAHPEAXPEAUTcl_Interp@@HPEAPEBD@Z) already defined in commands.obj; second definition ignored
tcl.lib(commands.obj) : warning LNK4006: "int __cdecl nodeCoord(void *,struct Tcl_Interp *,int,char const * *)" (?nodeCoord@@YAHPEAXPEAUTcl_Interp@@HPEAPEBD@Z) already defined in commands.obj; second definition ignored
tcl.lib(commands.obj) : warning LNK4006: "int __cdecl setNodeCoord(void *,struct Tcl_Interp *,int,char const * *)" (?setNodeCoord@@YAHPEAXPEAUTcl_Interp@@HPEAPEBD@Z) already defined in commands.obj; second definition ignored
tcl.lib(commands.obj) : warning LNK4006: "int __cdecl updateElementDomain(void *,struct Tcl_Interp *,int,char const * *)" (?updateElementDomain@@YAHPEAXPEAUTcl_Interp@@HPEAPEBD@Z) already defined in commands.obj; second definition ignored
tcl.lib(commands.obj) : warning LNK4006: "int __cdecl eleNodes(void *,struct Tcl_Interp *,int,char const * *)" (?eleNodes@@YAHPEAXPEAUTcl_Interp@@HPEAPEBD@Z) already defined in commands.obj; second definition ignored
tcl.lib(commands.obj) : warning LNK4006: "int __cdecl nodeBounds(void *,struct Tcl_Interp *,int,char const * *)" (?nodeBounds@@YAHPEAXPEAUTcl_Interp@@HPEAPEBD@Z) already defined in commands.obj; second definition ignored
tcl.lib(commands.obj) : warning LNK4006: "int __cdecl nodeVel(void *,struct Tcl_Interp *,int,char const * *)" (?nodeVel@@YAHPEAXPEAUTcl_Interp@@HPEAPEBD@Z) already defined in commands.obj; second definition ignored
tcl.lib(commands.obj) : warning LNK4006: "int __cdecl setNodeVel(void *,struct Tcl_Interp *,int,char const * *)" (?setNodeVel@@YAHPEAXPEAUTcl_Interp@@HPEAPEBD@Z) already defined in commands.obj; second definition ignored
tcl.lib(commands.obj) : warning LNK4006: "int __cdecl setNodeDisp(void *,struct Tcl_Interp *,int,char const * *)" (?setNodeDisp@@YAHPEAXPEAUTcl_Interp@@HPEAPEBD@Z) already defined in commands.obj; second definition ignored
tcl.lib(commands.obj) : warning LNK4006: "int __cdecl setNodeAccel(void *,struct Tcl_Interp *,int,char const * *)" (?setNodeAccel@@YAHPEAXPEAUTcl_Interp@@HPEAPEBD@Z) already defined in commands.obj; second definition ignored
tcl.lib(commands.obj) : warning LNK4006: "int __cdecl nodeAccel(void *,struct Tcl_Interp *,int,char const * *)" (?nodeAccel@@YAHPEAXPEAUTcl_Interp@@HPEAPEBD@Z) already defined in commands.obj; second definition ignored
tcl.lib(commands.obj) : warning LNK4006: "int __cdecl nodeResponse(void *,struct Tcl_Interp *,int,char const * *)" (?nodeResponse@@YAHPEAXPEAUTcl_Interp@@HPEAPEBD@Z) already defined in commands.obj; second definition ignored
tcl.lib(commands.obj) : warning LNK4006: "int __cdecl calculateNodalReactions(void *,struct Tcl_Interp *,int,char const * *)" (?calculateNodalReactions@@YAHPEAXPEAUTcl_Interp@@HPEAPEBD@Z) already defined in commands.obj; second definition ignored
tcl.lib(commands.obj) : warning LNK4006: "int __cdecl getNodeTags(void *,struct Tcl_Interp *,int,char const * *)" (?getNodeTags@@YAHPEAXPEAUTcl_Interp@@HPEAPEBD@Z) already defined in commands.obj; second definition ignored
tcl.lib(commands.obj) : warning LNK4006: "int __cdecl getEleTags(void *,struct Tcl_Interp *,int,char const * *)" (?getEleTags@@YAHPEAXPEAUTcl_Interp@@HPEAPEBD@Z) already defined in commands.obj; second definition ignored
tcl.lib(commands.obj) : warning LNK4006: "int __cdecl nodeDOFs(void *,struct Tcl_Interp *,int,char const * *)" (?nodeDOFs@@YAHPEAXPEAUTcl_Interp@@HPEAPEBD@Z) already defined in commands.obj; second definition ignored
tcl.lib(commands.obj) : warning LNK4006: "int __cdecl nodeMass(void *,struct Tcl_Interp *,int,char const * *)" (?nodeMass@@YAHPEAXPEAUTcl_Interp@@HPEAPEBD@Z) already defined in commands.obj; second definition ignored
tcl.lib(commands.obj) : warning LNK4006: "int __cdecl nodePressure(void *,struct Tcl_Interp *,int,char const * *)" (?nodePressure@@YAHPEAXPEAUTcl_Interp@@HPEAPEBD@Z) already defined in commands.obj; second definition ignored
tcl.lib(commands.obj) : warning LNK4006: "int __cdecl getParamTags(void *,struct Tcl_Interp *,int,char const * *)" (?getParamTags@@YAHPEAXPEAUTcl_Interp@@HPEAPEBD@Z) already defined in commands.obj; second definition ignored
tcl.lib(commands.obj) : warning LNK4006: "int __cdecl getParamValue(void *,struct Tcl_Interp *,int,char const * *)" (?getParamValue@@YAHPEAXPEAUTcl_Interp@@HPEAPEBD@Z) already defined in commands.obj; second definition ignored
tcl.lib(commands.obj) : warning LNK4006: "int __cdecl sdfResponse(void *,struct Tcl_Interp *,int,char const * *)" (?sdfResponse@@YAHPEAXPEAUTcl_Interp@@HPEAPEBD@Z) already defined in commands.obj; second definition ignored
tcl.lib(commands.obj) : warning LNK4006: "int __cdecl computeGradients(void *,struct Tcl_Interp *,int,char const * *)" (?computeGradients@@YAHPEAXPEAUTcl_Interp@@HPEAPEBD@Z) already defined in commands.obj; second definition ignored
tcl.lib(commands.obj) : warning LNK4006: "int __cdecl sensNodeDisp(void *,struct Tcl_Interp *,int,char const * *)" (?sensNodeDisp@@YAHPEAXPEAUTcl_Interp@@HPEAPEBD@Z) already defined in commands.obj; second definition ignored
tcl.lib(commands.obj) : warning LNK4006: "int __cdecl sensLambda(void *,struct Tcl_Interp *,int,char const * *)" (?sensLambda@@YAHPEAXPEAUTcl_Interp@@HPEAPEBD@Z) already defined in commands.obj; second definition ignored
tcl.lib(commands.obj) : warning LNK4006: "int __cdecl sensNodeVel(void *,struct Tcl_Interp *,int,char const * *)" (?sensNodeVel@@YAHPEAXPEAUTcl_Interp@@HPEAPEBD@Z) already defined in commands.obj; second definition ignored
tcl.lib(commands.obj) : warning LNK4006: "int __cdecl sensNodeAccel(void *,struct Tcl_Interp *,int,char const * *)" (?sensNodeAccel@@YAHPEAXPEAUTcl_Interp@@HPEAPEBD@Z) already defined in commands.obj; second definition ignored
tcl.lib(commands.obj) : warning LNK4006: "int __cdecl sensNodePressure(void *,struct Tcl_Interp *,int,char const * *)" (?sensNodePressure@@YAHPEAXPEAUTcl_Interp@@HPEAPEBD@Z) already defined in commands.obj; second definition ignored
tcl.lib(commands.obj) : warning LNK4006: "int __cdecl sensSectionForce(void *,struct Tcl_Interp *,int,char const * *)" (?sensSectionForce@@YAHPEAXPEAUTcl_Interp@@HPEAPEBD@Z) already defined in commands.obj; second definition ignored
tcl.lib(commands.obj) : warning LNK4006: "int __cdecl sensitivityAlgorithm(void *,struct Tcl_Interp *,int,char const * *)" (?sensitivityAlgorithm@@YAHPEAXPEAUTcl_Interp@@HPEAPEBD@Z) already defined in commands.obj; second definition ignored
tcl.lib(commands.obj) : warning LNK4006: "int __cdecl sensitivityIntegrator(void *,struct Tcl_Interp *,int,char const * *)" (?sensitivityIntegrator@@YAHPEAXPEAUTcl_Interp@@HPEAPEBD@Z) already defined in commands.obj; second definition ignored
tcl.lib(commands.obj) : warning LNK4006: "int __cdecl startTimer(void *,struct Tcl_Interp *,int,char const * *)" (?startTimer@@YAHPEAXPEAUTcl_Interp@@HPEAPEBD@Z) already defined in commands.obj; second definition ignored
tcl.lib(commands.obj) : warning LNK4006: "int __cdecl stopTimer(void *,struct Tcl_Interp *,int,char const * *)" (?stopTimer@@YAHPEAXPEAUTcl_Interp@@HPEAPEBD@Z) already defined in commands.obj; second definition ignored
tcl.lib(commands.obj) : warning LNK4006: "int __cdecl rayleighDamping(void *,struct Tcl_Interp *,int,char const * *)" (?rayleighDamping@@YAHPEAXPEAUTcl_Interp@@HPEAPEBD@Z) already defined in commands.obj; second definition ignored
tcl.lib(commands.obj) : warning LNK4006: "int __cdecl modalDamping(void *,struct Tcl_Interp *,int,char const * *)" (?modalDamping@@YAHPEAXPEAUTcl_Interp@@HPEAPEBD@Z) already defined in commands.obj; second definition ignored
tcl.lib(commands.obj) : warning LNK4006: "int __cdecl modalDampingQ(void *,struct Tcl_Interp *,int,char const * *)" (?modalDampingQ@@YAHPEAXPEAUTcl_Interp@@HPEAPEBD@Z) already defined in commands.obj; second definition ignored
tcl.lib(commands.obj) : warning LNK4006: "int __cdecl setElementRayleighDampingFactors(void *,struct Tcl_Interp *,int,char const * *)" (?setElementRayleighDampingFactors@@YAHPEAXPEAUTcl_Interp@@HPEAPEBD@Z) already defined in commands.obj; second definition ignored
tcl.lib(commands.obj) : warning LNK4006: "int __cdecl addRegion(void *,struct Tcl_Interp *,int,char const * *)" (?addRegion@@YAHPEAXPEAUTcl_Interp@@HPEAPEBD@Z) already defined in commands.obj; second definition ignored
tcl.lib(commands.obj) : warning LNK4006: "int __cdecl sectionForce(void *,struct Tcl_Interp *,int,char const * *)" (?sectionForce@@YAHPEAXPEAUTcl_Interp@@HPEAPEBD@Z) already defined in commands.obj; second definition ignored
tcl.lib(commands.obj) : warning LNK4006: "int __cdecl sectionDeformation(void *,struct Tcl_Interp *,int,char const * *)" (?sectionDeformation@@YAHPEAXPEAUTcl_Interp@@HPEAPEBD@Z) already defined in commands.obj; second definition ignored
tcl.lib(commands.obj) : warning LNK4006: "int __cdecl sectionStiffness(void *,struct Tcl_Interp *,int,char const * *)" (?sectionStiffness@@YAHPEAXPEAUTcl_Interp@@HPEAPEBD@Z) already defined in commands.obj; second definition ignored
tcl.lib(commands.obj) : warning LNK4006: "int __cdecl sectionFlexibility(void *,struct Tcl_Interp *,int,char const * *)" (?sectionFlexibility@@YAHPEAXPEAUTcl_Interp@@HPEAPEBD@Z) already defined in commands.obj; second definition ignored
tcl.lib(commands.obj) : warning LNK4006: "int __cdecl sectionLocation(void *,struct Tcl_Interp *,int,char const * *)" (?sectionLocation@@YAHPEAXPEAUTcl_Interp@@HPEAPEBD@Z) already defined in commands.obj; second definition ignored
tcl.lib(commands.obj) : warning LNK4006: "int __cdecl sectionWeight(void *,struct Tcl_Interp *,int,char const * *)" (?sectionWeight@@YAHPEAXPEAUTcl_Interp@@HPEAPEBD@Z) already defined in commands.obj; second definition ignored
tcl.lib(commands.obj) : warning LNK4006: "int __cdecl basicDeformation(void *,struct Tcl_Interp *,int,char const * *)" (?basicDeformation@@YAHPEAXPEAUTcl_Interp@@HPEAPEBD@Z) already defined in commands.obj; second definition ignored
tcl.lib(commands.obj) : warning LNK4006: "int __cdecl basicForce(void *,struct Tcl_Interp *,int,char const * *)" (?basicForce@@YAHPEAXPEAUTcl_Interp@@HPEAPEBD@Z) already defined in commands.obj; second definition ignored
tcl.lib(commands.obj) : warning LNK4006: "int __cdecl basicStiffness(void *,struct Tcl_Interp *,int,char const * *)" (?basicStiffness@@YAHPEAXPEAUTcl_Interp@@HPEAPEBD@Z) already defined in commands.obj; second definition ignored
tcl.lib(commands.obj) : warning LNK4006: "int __cdecl InitialStateAnalysis(void *,struct Tcl_Interp *,int,char const * *)" (?InitialStateAnalysis@@YAHPEAXPEAUTcl_Interp@@HPEAPEBD@Z) already defined in commands.obj; second definition ignored
tcl.lib(commands.obj) : warning LNK4006: "int __cdecl totalCPU(void *,struct Tcl_Interp *,int,char const * *)" (?totalCPU@@YAHPEAXPEAUTcl_Interp@@HPEAPEBD@Z) already defined in commands.obj; second definition ignored
tcl.lib(commands.obj) : warning LNK4006: "int __cdecl solveCPU(void *,struct Tcl_Interp *,int,char const * *)" (?solveCPU@@YAHPEAXPEAUTcl_Interp@@HPEAPEBD@Z) already defined in commands.obj; second definition ignored
tcl.lib(commands.obj) : warning LNK4006: "int __cdecl accelCPU(void *,struct Tcl_Interp *,int,char const * *)" (?accelCPU@@YAHPEAXPEAUTcl_Interp@@HPEAPEBD@Z) already defined in commands.obj; second definition ignored
tcl.lib(commands.obj) : warning LNK4006: "int __cdecl numFact(void *,struct Tcl_Interp *,int,char const * *)" (?numFact@@YAHPEAXPEAUTcl_Interp@@HPEAPEBD@Z) already defined in commands.obj; second definition ignored
tcl.lib(commands.obj) : warning LNK4006: "int __cdecl numIter(void *,struct Tcl_Interp *,int,char const * *)" (?numIter@@YAHPEAXPEAUTcl_Interp@@HPEAPEBD@Z) already defined in commands.obj; second definition ignored
tcl.lib(commands.obj) : warning LNK4006: "int __cdecl systemSize(void *,struct Tcl_Interp *,int,char const * *)" (?systemSize@@YAHPEAXPEAUTcl_Interp@@HPEAPEBD@Z) already defined in commands.obj; second definition ignored
tcl.lib(commands.obj) : warning LNK4006: "int __cdecl elementActivate(void *,struct Tcl_Interp *,int,char const * *)" (?elementActivate@@YAHPEAXPEAUTcl_Interp@@HPEAPEBD@Z) already defined in commands.obj; second definition ignored
tcl.lib(commands.obj) : warning LNK4006: "int __cdecl elementDeactivate(void *,struct Tcl_Interp *,int,char const * *)" (?elementDeactivate@@YAHPEAXPEAUTcl_Interp@@HPEAPEBD@Z) already defined in commands.obj; second definition ignored
tcl.lib(commands.obj) : warning LNK4006: "int __cdecl reliability(void *,struct Tcl_Interp *,int,char const * *)" (?reliability@@YAHPEAXPEAUTcl_Interp@@HPEAPEBD@Z) already defined in commands.obj; second definition ignored
tcl.lib(commands.obj) : warning LNK4006: "int __cdecl wipeReliability(void *,struct Tcl_Interp *,int,char const * *)" (?wipeReliability@@YAHPEAXPEAUTcl_Interp@@HPEAPEBD@Z) already defined in commands.obj; second definition ignored
tcl.lib(commands.obj) : warning LNK4006: "int __cdecl optimization(void *,struct Tcl_Interp *,int,char const * *)" (?optimization@@YAHPEAXPEAUTcl_Interp@@HPEAPEBD@Z) already defined in commands.obj; second definition ignored
tcl.lib(commands.obj) : warning LNK4006: "char const * __cdecl getInterpPWD(struct Tcl_Interp *)" (?getInterpPWD@@YAPEBDPEAUTcl_Interp@@@Z) already defined in commands.obj; second definition ignored
tcl.lib(commands.obj) : warning LNK4006: "int __cdecl printModelGID(void *,struct Tcl_Interp *,int,char const * *)" (?printModelGID@@YAHPEAXPEAUTcl_Interp@@HPEAPEBD@Z) already defined in commands.obj; second definition ignored
tcl.lib(commands.obj) : warning LNK4006: "int __cdecl printA(void *,struct Tcl_Interp *,int,char const * *)" (?printA@@YAHPEAXPEAUTcl_Interp@@HPEAPEBD@Z) already defined in commands.obj; second definition ignored
tcl.lib(commands.obj) : warning LNK4006: "int __cdecl printB(void *,struct Tcl_Interp *,int,char const * *)" (?printB@@YAHPEAXPEAUTcl_Interp@@HPEAPEBD@Z) already defined in commands.obj; second definition ignored
tcl.lib(commands.obj) : warning LNK4006: "int __cdecl setPrecision(void *,struct Tcl_Interp *,int,char const * *)" (?setPrecision@@YAHPEAXPEAUTcl_Interp@@HPEAPEBD@Z) already defined in commands.obj; second definition ignored
tcl.lib(commands.obj) : warning LNK4006: "int __cdecl logFile(void *,struct Tcl_Interp *,int,char const * *)" (?logFile@@YAHPEAXPEAUTcl_Interp@@HPEAPEBD@Z) already defined in commands.obj; second definition ignored
tcl.lib(commands.obj) : warning LNK4006: "int __cdecl version(void *,struct Tcl_Interp *,int,char const * *)" (?version@@YAHPEAXPEAUTcl_Interp@@HPEAPEBD@Z) already defined in commands.obj; second definition ignored
tcl.lib(commands.obj) : warning LNK4006: "int __cdecl getPID(void *,struct Tcl_Interp *,int,char const * *)" (?getPID@@YAHPEAXPEAUTcl_Interp@@HPEAPEBD@Z) already defined in commands.obj; second definition ignored
tcl.lib(commands.obj) : warning LNK4006: "int __cdecl getNP(void *,struct Tcl_Interp *,int,char const * *)" (?getNP@@YAHPEAXPEAUTcl_Interp@@HPEAPEBD@Z) already defined in commands.obj; second definition ignored
tcl.lib(commands.obj) : warning LNK4006: "int __cdecl opsBarrier(void *,struct Tcl_Interp *,int,char const * *)" (?opsBarrier@@YAHPEAXPEAUTcl_Interp@@HPEAPEBD@Z) already defined in commands.obj; second definition ignored
tcl.lib(commands.obj) : warning LNK4006: "int __cdecl domainChange(void *,struct Tcl_Interp *,int,char const * *)" (?domainChange@@YAHPEAXPEAUTcl_Interp@@HPEAPEBD@Z) already defined in commands.obj; second definition ignored
tcl.lib(commands.obj) : warning LNK4006: "int __cdecl record(void *,struct Tcl_Interp *,int,char const * *)" (?record@@YAHPEAXPEAUTcl_Interp@@HPEAPEBD@Z) already defined in commands.obj; second definition ignored
tcl.lib(commands.obj) : warning LNK4006: "int __cdecl opsSend(void *,struct Tcl_Interp *,int,char const * *)" (?opsSend@@YAHPEAXPEAUTcl_Interp@@HPEAPEBD@Z) already defined in commands.obj; second definition ignored
tcl.lib(commands.obj) : warning LNK4006: "int __cdecl opsRecv(void *,struct Tcl_Interp *,int,char const * *)" (?opsRecv@@YAHPEAXPEAUTcl_Interp@@HPEAPEBD@Z) already defined in commands.obj; second definition ignored
tcl.lib(commands.obj) : warning LNK4006: "int __cdecl opsPartition(void *,struct Tcl_Interp *,int,char const * *)" (?opsPartition@@YAHPEAXPEAUTcl_Interp@@HPEAPEBD@Z) already defined in commands.obj; second definition ignored
tcl.lib(commands.obj) : warning LNK4006: "int __cdecl peerNGA(void *,struct Tcl_Interp *,int,char const * *)" (?peerNGA@@YAHPEAXPEAUTcl_Interp@@HPEAPEBD@Z) already defined in commands.obj; second definition ignored
tcl.lib(commands.obj) : warning LNK4006: "int __cdecl defaultUnits(void *,struct Tcl_Interp *,int,char const * *)" (?defaultUnits@@YAHPEAXPEAUTcl_Interp@@HPEAPEBD@Z) already defined in commands.obj; second definition ignored
tcl.lib(commands.obj) : warning LNK4006: "int __cdecl stripOpenSeesXML(void *,struct Tcl_Interp *,int,char const * *)" (?stripOpenSeesXML@@YAHPEAXPEAUTcl_Interp@@HPEAPEBD@Z) already defined in commands.obj; second definition ignored
tcl.lib(commands.obj) : warning LNK4006: "int __cdecl setParameter(void *,struct Tcl_Interp *,int,char const * *)" (?setParameter@@YAHPEAXPEAUTcl_Interp@@HPEAPEBD@Z) already defined in commands.obj; second definition ignored
tcl.lib(commands.obj) : warning LNK4006: "int __cdecl OpenSeesExit(void *,struct Tcl_Interp *,int,char const * *)" (?OpenSeesExit@@YAHPEAXPEAUTcl_Interp@@HPEAPEBD@Z) already defined in commands.obj; second definition ignored
tcl.lib(commands.obj) : warning LNK4006: "int __cdecl convertBinaryToText(void *,struct Tcl_Interp *,int,char const * *)" (?convertBinaryToText@@YAHPEAXPEAUTcl_Interp@@HPEAPEBD@Z) already defined in commands.obj; second definition ignored
tcl.lib(commands.obj) : warning LNK4006: "int __cdecl convertTextToBinary(void *,struct Tcl_Interp *,int,char const * *)" (?convertTextToBinary@@YAHPEAXPEAUTcl_Interp@@HPEAPEBD@Z) already defined in commands.obj; second definition ignored
tcl.lib(commands.obj) : warning LNK4006: "int __cdecl maxOpenFiles(void *,struct Tcl_Interp *,int,char const * *)" (?maxOpenFiles@@YAHPEAXPEAUTcl_Interp@@HPEAPEBD@Z) already defined in commands.obj; second definition ignored
tcl.lib(commands.obj) : warning LNK4006: "int __cdecl OpenSees_putsCommand(void *,struct Tcl_Interp *,int,struct Tcl_Obj * const * const)" (?OpenSees_putsCommand@@YAHPEAXPEAUTcl_Interp@@HQEBQEAUTcl_Obj@@@Z) already defined in commands.obj; second definition ignored
tcl.lib(commands.obj) : warning LNK4006: "int __cdecl Tcl_InterpOpenSeesObjCmd(void *,struct Tcl_Interp *,int,struct Tcl_Obj * const * const)" (?Tcl_InterpOpenSeesObjCmd@@YAHPEAXPEAUTcl_Interp@@HQEBQEAUTcl_Obj@@@Z) already defined in commands.obj; second definition ignored
tcl.lib(commands.obj) : warning LNK4006: "int __cdecl printElement(void *,struct Tcl_Interp *,int,char const * *,class OPS_Stream &)" (?printElement@@YAHPEAXPEAUTcl_Interp@@HPEAPEBDAEAVOPS_Stream@@@Z) already defined in commands.obj; second definition ignored
tcl.lib(commands.obj) : warning LNK4006: "int __cdecl printNode(void *,struct Tcl_Interp *,int,char const * *,class OPS_Stream &)" (?printNode@@YAHPEAXPEAUTcl_Interp@@HPEAPEBDAEAVOPS_Stream@@@Z) already defined in commands.obj; second definition ignored
tcl.lib(commands.obj) : warning LNK4006: "int __cdecl printIntegrator(void *,struct Tcl_Interp *,int,char const * *,class OPS_Stream &)" (?printIntegrator@@YAHPEAXPEAUTcl_Interp@@HPEAPEBDAEAVOPS_Stream@@@Z) already defined in commands.obj; second definition ignored
tcl.lib(commands.obj) : warning LNK4006: "int __cdecl printAlgorithm(void *,struct Tcl_Interp *,int,char const * *,class OPS_Stream &)" (?printAlgorithm@@YAHPEAXPEAUTcl_Interp@@HPEAPEBDAEAVOPS_Stream@@@Z) already defined in commands.obj; second definition ignored
tcl.lib(commands.obj) : warning LNK4006: "int __cdecl exit(void *,struct Tcl_Interp *,int,char const * *)" (?exit@@YAHPEAXPEAUTcl_Interp@@HPEAPEBD@Z) already defined in commands.obj; second definition ignored
tcl.lib(commands.obj) : warning LNK4006: OpenSeesParseArgv already defined in commands.obj; second definition ignored
tcl.lib(commands.obj) : warning LNK4006: EvalFileWithParameters already defined in commands.obj; second definition ignored
tcl.lib(commands.obj) : warning LNK4006: "class StandardStream sserr" (?sserr@@3VStandardStream@@A) already defined in commands.obj; second definition ignored
tcl.lib(commands.obj) : warning LNK4006: "class SimulationInformation simulationInfo" (?simulationInfo@@3VSimulationInformation@@A) already defined in commands.obj; second definition ignored
tcl.lib(commands.obj) : warning LNK4006: "class FEM_ObjectBrokerAllClasses theBroker" (?theBroker@@3VFEM_ObjectBrokerAllClasses@@A) already defined in commands.obj; second definition ignored
     Creating library C:\Users\codim\Documents\GitHub\OpenSees_CDM\Win64\x64\Debug\OpenSeesSP.lib and object C:\Users\codim\Documents\GitHub\OpenSees_CDM\Win64\x64\Debug\OpenSeesSP.exp
LINK : warning LNK4098: defaultlib 'LIBCMT' conflicts with use of other libs; use /NODEFAULTLIB:library
.\..\..\bin\OpenSeesSP.exe : warning LNK4088: image being generated due to /FORCE option; image may not run
sdmuc.lib(SDM-UC.obj) : warning LNK4099: PDB 'vc150.pdb' was not found with 'sdmuc.lib(SDM-UC.obj)' or at 'C:\Users\codim\Documents\GitHub\OpenSees_CDM\Win64\bin\vc150.pdb'; linking object as if no debug info
  OpenSeesSP.vcxproj -> C:\Users\codim\Documents\GitHub\OpenSees_CDM\Win64\x64\Debug\OpenSeesSP.exe
